TN:
SF:src/modules/appointments/services/CreateAppointmentService.ts
FN:79,__decorate
FN:79,__metadata
FN:79,__param
FN:79,__awaiter
FN:79,adopt
FN:79,fulfilled
FN:79,rejected
FN:79,step
FN:79,__generator
FN:79,sent
FN:79,g.<computed>
FN:79,verb
FN:79,step
FN:79,__importDefault
FN:20,CreateAppointmentService
FN:31,CreateAppointmentService.execute
FNF:16
FNH:14
FNDA:1,__decorate
FNDA:1,__metadata
FNDA:3,__param
FNDA:7,__awaiter
FNDA:8,adopt
FNDA:8,fulfilled
FNDA:0,rejected
FNDA:10,step
FNDA:7,__generator
FNDA:8,sent
FNDA:0,g.<computed>
FNDA:21,verb
FNDA:15,step
FNDA:1,__importDefault
FNDA:5,CreateAppointmentService
FNDA:7,CreateAppointmentService.execute
DA:1,1
DA:2,1
DA:3,1
DA:4,1
DA:5,1
DA:6,1
DA:7,1
DA:8,1
DA:9,1
DA:10,1
DA:11,1
DA:12,1
DA:13,1
DA:14,1
DA:15,1
DA:16,1
DA:17,1
DA:18,1
DA:19,1
DA:20,1
DA:21,5
DA:22,5
DA:23,5
DA:24,5
DA:25,5
DA:26,5
DA:27,5
DA:28,5
DA:29,5
DA:30,1
DA:31,1
DA:32,7
DA:33,7
DA:34,7
DA:35,7
DA:36,7
DA:37,3
DA:38,3
DA:39,4
DA:40,7
DA:41,1
DA:42,1
DA:43,3
DA:44,3
DA:45,3
DA:46,7
DA:47,1
DA:48,1
DA:49,2
DA:50,2
DA:51,2
DA:52,2
DA:53,7
DA:54,7
DA:55,0
DA:56,0
DA:57,7
DA:58,7
DA:59,7
DA:60,7
DA:61,7
DA:62,7
DA:63,7
DA:64,7
DA:65,7
DA:66,7
DA:67,7
DA:68,7
DA:69,7
DA:70,7
DA:71,7
DA:72,7
DA:73,7
DA:74,7
DA:75,7
DA:76,7
DA:77,1
DA:78,1
DA:79,1
LF:79
LH:77
BRDA:79,0,0,1
BRDA:79,1,0,1
BRDA:79,2,0,0
BRDA:79,3,0,0
BRDA:79,4,0,0
BRDA:79,5,0,0
BRDA:79,6,0,1
BRDA:79,7,0,3
BRDA:79,8,0,3
BRDA:79,9,0,7
BRDA:79,10,0,8
BRDA:79,11,0,0
BRDA:79,12,0,7
BRDA:79,13,0,8
BRDA:79,14,0,0
BRDA:79,15,0,10
BRDA:79,16,0,2
BRDA:79,17,0,8
BRDA:79,18,0,7
BRDA:79,19,0,8
BRDA:79,20,0,0
BRDA:79,21,0,21
BRDA:79,22,0,15
BRDA:79,23,0,15
BRDA:79,24,0,0
BRDA:79,25,0,30
BRDA:79,26,0,0
BRDA:79,27,0,0
BRDA:79,28,0,0
BRDA:79,29,0,0
BRDA:79,30,0,15
BRDA:79,31,0,15
BRDA:79,32,0,8
BRDA:79,33,0,0
BRDA:79,34,0,0
BRDA:79,35,0,7
BRDA:79,36,0,0
BRDA:79,37,0,2
BRDA:79,38,0,0
BRDA:79,39,0,0
BRDA:79,40,0,0
BRDA:79,41,0,0
BRDA:79,42,0,15
BRDA:79,43,0,10
BRDA:79,44,0,5
BRDA:79,45,0,15
BRDA:79,46,0,7
BRDA:79,47,0,5
BRDA:79,48,0,2
BRDA:79,49,0,0
BRDA:79,50,0,1
BRDA:79,51,0,0
BRDA:19,52,0,1
BRDA:20,53,0,5
BRDA:31,54,0,7
BRDA:79,55,0,7
BRDA:79,56,0,15
BRDA:79,57,0,7
BRDA:36,58,0,3
BRDA:38,59,0,4
BRDA:40,60,0,1
BRDA:42,61,0,3
BRDA:46,62,0,2
BRDA:46,63,0,1
BRDA:48,64,0,2
BRDA:79,65,0,2
BRDA:54,66,0,0
BRDA:79,67,0,2
BRDA:79,68,0,2
BRDA:79,69,0,2
BRF:70
BRH:48
end_of_record
TN:
SF:src/modules/appointments/services/ListProviderAppointmentsService.ts
FN:49,__decorate
FN:49,__metadata
FN:49,__param
FN:49,__awaiter
FN:49,adopt
FN:49,fulfilled
FN:49,rejected
FN:49,step
FN:49,__generator
FN:49,sent
FN:49,g.<computed>
FN:49,verb
FN:49,step
FN:16,ListProviderAppointmentsService
FN:24,ListProviderAppointmentsService.execute
FNF:15
FNH:13
FNDA:1,__decorate
FNDA:1,__metadata
FNDA:2,__param
FNDA:1,__awaiter
FNDA:3,adopt
FNDA:3,fulfilled
FNDA:0,rejected
FNDA:4,step
FNDA:1,__generator
FNDA:3,sent
FNDA:0,g.<computed>
FNDA:3,verb
FNDA:4,step
FNDA:1,ListProviderAppointmentsService
FNDA:1,ListProviderAppointmentsService.execute
DA:1,1
DA:2,1
DA:3,1
DA:4,1
DA:5,1
DA:6,1
DA:7,1
DA:8,1
DA:9,1
DA:10,1
DA:11,1
DA:12,1
DA:13,1
DA:14,1
DA:15,1
DA:16,1
DA:17,1
DA:18,1
DA:19,1
DA:20,1
DA:21,1
DA:22,1
DA:23,1
DA:24,1
DA:25,1
DA:26,1
DA:27,1
DA:28,1
DA:29,1
DA:30,1
DA:31,1
DA:32,1
DA:33,1
DA:34,1
DA:35,1
DA:36,1
DA:37,1
DA:38,1
DA:39,1
DA:40,1
DA:41,1
DA:42,1
DA:43,1
DA:44,1
DA:45,1
DA:46,1
DA:47,1
DA:48,1
DA:49,1
LF:49
LH:49
BRDA:49,0,0,1
BRDA:49,1,0,1
BRDA:49,2,0,0
BRDA:49,3,0,0
BRDA:49,4,0,0
BRDA:49,5,0,0
BRDA:49,6,0,1
BRDA:49,7,0,2
BRDA:49,8,0,2
BRDA:49,9,0,1
BRDA:49,10,0,3
BRDA:49,11,0,0
BRDA:49,12,0,1
BRDA:49,13,0,3
BRDA:49,14,0,0
BRDA:49,15,0,4
BRDA:49,16,0,1
BRDA:49,17,0,3
BRDA:49,18,0,1
BRDA:49,19,0,3
BRDA:49,20,0,0
BRDA:49,21,0,3
BRDA:49,22,0,4
BRDA:49,23,0,4
BRDA:49,24,0,0
BRDA:49,25,0,8
BRDA:49,26,0,0
BRDA:49,27,0,0
BRDA:49,28,0,0
BRDA:49,29,0,0
BRDA:49,30,0,4
BRDA:49,31,0,4
BRDA:49,32,0,3
BRDA:49,33,0,0
BRDA:49,34,0,0
BRDA:49,35,0,1
BRDA:49,36,0,0
BRDA:49,37,0,0
BRDA:49,38,0,0
BRDA:49,39,0,0
BRDA:49,40,0,0
BRDA:49,41,0,4
BRDA:49,42,0,0
BRDA:49,43,0,4
BRDA:49,44,0,1
BRDA:49,45,0,0
BRDA:49,46,0,1
BRDA:49,47,0,0
BRDA:15,48,0,1
BRDA:16,49,0,1
BRDA:24,50,0,1
BRDA:49,51,0,1
BRDA:49,52,0,4
BRDA:49,53,0,1
BRDA:49,54,0,1
BRDA:34,55,0,0
BRDA:49,56,0,1
BRDA:49,57,0,1
BRDA:45,58,0,1
BRF:59
BRH:36
end_of_record
TN:
SF:src/modules/appointments/services/ListProviderDayAvailabilityService.ts
FN:57,__decorate
FN:57,__metadata
FN:57,__param
FN:57,__awaiter
FN:57,adopt
FN:57,fulfilled
FN:57,rejected
FN:57,step
FN:57,__generator
FN:57,sent
FN:57,g.<computed>
FN:57,verb
FN:57,step
FN:22,ListProviderDayAvailabilityService
FN:27,ListProviderDayAvailabilityService.execute
FNF:15
FNH:13
FNDA:1,__decorate
FNDA:1,__metadata
FNDA:1,__param
FNDA:1,__awaiter
FNDA:1,adopt
FNDA:1,fulfilled
FNDA:0,rejected
FNDA:2,step
FNDA:1,__generator
FNDA:1,sent
FNDA:0,g.<computed>
FNDA:3,verb
FNDA:2,step
FNDA:1,ListProviderDayAvailabilityService
FNDA:1,ListProviderDayAvailabilityService.execute
DA:1,1
DA:2,1
DA:3,1
DA:4,1
DA:5,1
DA:6,1
DA:7,1
DA:8,1
DA:9,1
DA:10,1
DA:11,1
DA:12,1
DA:13,1
DA:14,1
DA:15,1
DA:16,1
DA:17,1
DA:18,1
DA:19,1
DA:20,1
DA:21,1
DA:22,1
DA:23,1
DA:24,1
DA:25,1
DA:26,1
DA:27,1
DA:28,1
DA:29,1
DA:30,1
DA:31,1
DA:32,1
DA:33,1
DA:34,1
DA:35,1
DA:36,1
DA:37,1
DA:38,1
DA:39,1
DA:40,1
DA:41,10
DA:42,10
DA:43,10
DA:44,10
DA:45,10
DA:46,10
DA:47,10
DA:48,10
DA:49,10
DA:50,10
DA:51,1
DA:52,1
DA:53,1
DA:54,1
DA:55,1
DA:56,1
DA:57,1
LF:57
LH:57
BRDA:57,0,0,1
BRDA:57,1,0,1
BRDA:57,2,0,0
BRDA:57,3,0,0
BRDA:57,4,0,0
BRDA:57,5,0,0
BRDA:57,6,0,1
BRDA:57,7,0,1
BRDA:57,8,0,1
BRDA:57,9,0,1
BRDA:57,10,0,1
BRDA:57,11,0,0
BRDA:57,12,0,1
BRDA:57,13,0,1
BRDA:57,14,0,0
BRDA:57,15,0,2
BRDA:57,16,0,1
BRDA:57,17,0,1
BRDA:57,18,0,1
BRDA:57,19,0,1
BRDA:57,20,0,0
BRDA:57,21,0,3
BRDA:57,22,0,2
BRDA:57,23,0,2
BRDA:57,24,0,0
BRDA:57,25,0,4
BRDA:57,26,0,0
BRDA:57,27,0,0
BRDA:57,28,0,0
BRDA:57,29,0,0
BRDA:57,30,0,2
BRDA:57,31,0,2
BRDA:57,32,0,1
BRDA:57,33,0,0
BRDA:57,34,0,0
BRDA:57,35,0,1
BRDA:57,36,0,0
BRDA:57,37,0,0
BRDA:57,38,0,0
BRDA:57,39,0,0
BRDA:57,40,0,0
BRDA:57,41,0,2
BRDA:57,42,0,0
BRDA:57,43,0,2
BRDA:57,44,0,1
BRDA:57,45,0,0
BRDA:57,46,0,1
BRDA:57,47,0,0
BRDA:21,48,0,1
BRDA:22,49,0,1
BRDA:27,50,0,1
BRDA:57,51,0,1
BRDA:57,52,0,2
BRDA:28,53,0,1
BRDA:57,54,0,1
BRDA:37,55,0,10
BRDA:40,56,0,10
BRDA:49,57,0,8
BRDA:42,58,0,19
BRF:59
BRH:37
end_of_record
TN:
SF:src/modules/appointments/services/ListProviderMonthAvailabilityService.ts
FN:55,__decorate
FN:55,__metadata
FN:55,__param
FN:55,__awaiter
FN:55,adopt
FN:55,fulfilled
FN:55,rejected
FN:55,step
FN:55,__generator
FN:55,sent
FN:55,g.<computed>
FN:55,verb
FN:55,step
FN:21,ListProviderMonthAvailabilityService
FN:26,ListProviderMonthAvailabilityService.execute
FNF:15
FNH:13
FNDA:1,__decorate
FNDA:1,__metadata
FNDA:1,__param
FNDA:1,__awaiter
FNDA:1,adopt
FNDA:1,fulfilled
FNDA:0,rejected
FNDA:2,step
FNDA:1,__generator
FNDA:1,sent
FNDA:0,g.<computed>
FNDA:3,verb
FNDA:2,step
FNDA:1,ListProviderMonthAvailabilityService
FNDA:1,ListProviderMonthAvailabilityService.execute
DA:1,1
DA:2,1
DA:3,1
DA:4,1
DA:5,1
DA:6,1
DA:7,1
DA:8,1
DA:9,1
DA:10,1
DA:11,1
DA:12,1
DA:13,1
DA:14,1
DA:15,1
DA:16,1
DA:17,1
DA:18,1
DA:19,1
DA:20,1
DA:21,1
DA:22,1
DA:23,1
DA:24,1
DA:25,1
DA:26,1
DA:27,1
DA:28,1
DA:29,1
DA:30,1
DA:31,1
DA:32,1
DA:33,1
DA:34,1
DA:35,1
DA:36,1
DA:37,1
DA:38,1
DA:39,1
DA:40,1
DA:41,31
DA:42,341
DA:43,31
DA:44,31
DA:45,31
DA:46,31
DA:47,31
DA:48,31
DA:49,1
DA:50,1
DA:51,1
DA:52,1
DA:53,1
DA:54,1
DA:55,1
LF:55
LH:55
BRDA:55,0,0,1
BRDA:55,1,0,1
BRDA:55,2,0,0
BRDA:55,3,0,0
BRDA:55,4,0,0
BRDA:55,5,0,0
BRDA:55,6,0,1
BRDA:55,7,0,1
BRDA:55,8,0,1
BRDA:55,9,0,1
BRDA:55,10,0,1
BRDA:55,11,0,0
BRDA:55,12,0,1
BRDA:55,13,0,1
BRDA:55,14,0,0
BRDA:55,15,0,2
BRDA:55,16,0,1
BRDA:55,17,0,1
BRDA:55,18,0,1
BRDA:55,19,0,1
BRDA:55,20,0,0
BRDA:55,21,0,3
BRDA:55,22,0,2
BRDA:55,23,0,2
BRDA:55,24,0,0
BRDA:55,25,0,4
BRDA:55,26,0,0
BRDA:55,27,0,0
BRDA:55,28,0,0
BRDA:55,29,0,0
BRDA:55,30,0,2
BRDA:55,31,0,2
BRDA:55,32,0,1
BRDA:55,33,0,0
BRDA:55,34,0,0
BRDA:55,35,0,1
BRDA:55,36,0,0
BRDA:55,37,0,0
BRDA:55,38,0,0
BRDA:55,39,0,0
BRDA:55,40,0,0
BRDA:55,41,0,2
BRDA:55,42,0,0
BRDA:55,43,0,2
BRDA:55,44,0,1
BRDA:55,45,0,0
BRDA:55,46,0,1
BRDA:55,47,0,0
BRDA:20,48,0,1
BRDA:21,49,0,1
BRDA:26,50,0,1
BRDA:55,51,0,1
BRDA:55,52,0,2
BRDA:27,53,0,1
BRDA:55,54,0,1
BRDA:37,55,0,31
BRDA:40,56,0,31
BRDA:41,57,0,341
BRF:58
BRH:36
end_of_record
TN:
SF:src/modules/appointments/services/ListProvidersService.ts
FN:38,__decorate
FN:38,__metadata
FN:38,__param
FN:38,__awaiter
FN:38,adopt
FN:38,fulfilled
FN:38,rejected
FN:38,step
FN:38,__generator
FN:38,sent
FN:38,g.<computed>
FN:38,verb
FN:38,step
FN:13,ListProvidersService
FN:21,ListProvidersService.execute
FNF:15
FNH:13
FNDA:1,__decorate
FNDA:1,__metadata
FNDA:2,__param
FNDA:1,__awaiter
FNDA:3,adopt
FNDA:3,fulfilled
FNDA:0,rejected
FNDA:4,step
FNDA:1,__generator
FNDA:3,sent
FNDA:0,g.<computed>
FNDA:3,verb
FNDA:4,step
FNDA:1,ListProvidersService
FNDA:1,ListProvidersService.execute
DA:1,1
DA:2,1
DA:3,1
DA:4,1
DA:5,1
DA:6,1
DA:7,1
DA:8,1
DA:9,1
DA:10,1
DA:11,1
DA:12,1
DA:13,1
DA:14,1
DA:15,1
DA:16,1
DA:17,1
DA:18,1
DA:19,1
DA:20,1
DA:21,1
DA:22,1
DA:23,1
DA:24,1
DA:25,1
DA:26,1
DA:27,1
DA:28,1
DA:29,1
DA:30,1
DA:31,1
DA:32,1
DA:33,1
DA:34,1
DA:35,1
DA:36,1
DA:37,1
DA:38,1
LF:38
LH:38
BRDA:38,0,0,1
BRDA:38,1,0,1
BRDA:38,2,0,0
BRDA:38,3,0,0
BRDA:38,4,0,0
BRDA:38,5,0,0
BRDA:38,6,0,1
BRDA:38,7,0,2
BRDA:38,8,0,2
BRDA:38,9,0,1
BRDA:38,10,0,3
BRDA:38,11,0,0
BRDA:38,12,0,1
BRDA:38,13,0,3
BRDA:38,14,0,0
BRDA:38,15,0,4
BRDA:38,16,0,1
BRDA:38,17,0,3
BRDA:38,18,0,1
BRDA:38,19,0,3
BRDA:38,20,0,0
BRDA:38,21,0,3
BRDA:38,22,0,4
BRDA:38,23,0,4
BRDA:38,24,0,0
BRDA:38,25,0,8
BRDA:38,26,0,0
BRDA:38,27,0,0
BRDA:38,28,0,0
BRDA:38,29,0,0
BRDA:38,30,0,4
BRDA:38,31,0,4
BRDA:38,32,0,3
BRDA:38,33,0,0
BRDA:38,34,0,0
BRDA:38,35,0,1
BRDA:38,36,0,0
BRDA:38,37,0,0
BRDA:38,38,0,0
BRDA:38,39,0,0
BRDA:38,40,0,0
BRDA:38,41,0,4
BRDA:38,42,0,0
BRDA:38,43,0,4
BRDA:38,44,0,1
BRDA:38,45,0,0
BRDA:38,46,0,1
BRDA:38,47,0,0
BRDA:12,48,0,1
BRDA:13,49,0,1
BRDA:21,50,0,1
BRDA:38,51,0,1
BRDA:38,52,0,4
BRDA:22,53,0,1
BRDA:38,54,0,1
BRDA:24,55,0,0
BRDA:38,56,0,1
BRDA:38,57,0,1
BRDA:34,58,0,1
BRF:59
BRH:36
end_of_record
TN:
SF:src/modules/users/services/AuthenticateUserService.ts
FN:57,__decorate
FN:57,__metadata
FN:57,__param
FN:57,__awaiter
FN:57,adopt
FN:57,fulfilled
FN:57,rejected
FN:57,step
FN:57,__generator
FN:57,sent
FN:57,g.<computed>
FN:57,verb
FN:57,step
FN:57,__importDefault
FN:25,AuthenticateUserService
FN:33,AuthenticateUserService.execute
FNF:16
FNH:14
FNDA:1,__decorate
FNDA:1,__metadata
FNDA:2,__param
FNDA:3,__awaiter
FNDA:5,adopt
FNDA:5,fulfilled
FNDA:0,rejected
FNDA:6,step
FNDA:3,__generator
FNDA:5,sent
FNDA:0,g.<computed>
FNDA:9,verb
FNDA:8,step
FNDA:2,__importDefault
FNDA:3,AuthenticateUserService
FNDA:3,AuthenticateUserService.execute
DA:1,1
DA:2,1
DA:3,1
DA:4,1
DA:5,1
DA:6,1
DA:7,1
DA:8,1
DA:9,1
DA:10,1
DA:11,1
DA:12,1
DA:13,1
DA:14,1
DA:15,1
DA:16,1
DA:17,1
DA:18,1
DA:19,1
DA:20,1
DA:21,1
DA:22,1
DA:23,1
DA:24,1
DA:25,1
DA:26,3
DA:27,3
DA:28,3
DA:29,3
DA:30,3
DA:31,3
DA:32,1
DA:33,1
DA:34,3
DA:35,3
DA:36,3
DA:37,1
DA:38,1
DA:39,2
DA:40,2
DA:41,3
DA:42,3
DA:43,1
DA:44,1
DA:45,1
DA:46,1
DA:47,1
DA:48,1
DA:49,1
DA:50,1
DA:51,1
DA:52,1
DA:53,1
DA:54,3
DA:55,1
DA:56,1
DA:57,1
LF:57
LH:57
BRDA:57,0,0,1
BRDA:57,1,0,1
BRDA:57,2,0,0
BRDA:57,3,0,0
BRDA:57,4,0,0
BRDA:57,5,0,0
BRDA:57,6,0,1
BRDA:57,7,0,2
BRDA:57,8,0,2
BRDA:57,9,0,3
BRDA:57,10,0,5
BRDA:57,11,0,0
BRDA:57,12,0,3
BRDA:57,13,0,5
BRDA:57,14,0,3
BRDA:57,15,0,2
BRDA:57,16,0,6
BRDA:57,17,0,1
BRDA:57,18,0,5
BRDA:57,19,0,3
BRDA:57,20,0,5
BRDA:57,21,0,0
BRDA:57,22,0,9
BRDA:57,23,0,8
BRDA:57,24,0,8
BRDA:57,25,0,0
BRDA:57,26,0,16
BRDA:57,27,0,0
BRDA:57,28,0,0
BRDA:57,29,0,0
BRDA:57,30,0,0
BRDA:57,31,0,8
BRDA:57,32,0,8
BRDA:57,33,0,5
BRDA:57,34,0,0
BRDA:57,35,0,0
BRDA:57,36,0,3
BRDA:57,37,0,0
BRDA:57,38,0,1
BRDA:57,39,0,0
BRDA:57,40,0,0
BRDA:57,41,0,0
BRDA:57,42,0,0
BRDA:57,43,0,8
BRDA:57,44,0,6
BRDA:57,45,0,2
BRDA:57,46,0,8
BRDA:57,47,0,3
BRDA:57,48,0,2
BRDA:57,49,0,1
BRDA:57,50,0,0
BRDA:57,51,0,2
BRDA:57,52,0,0
BRDA:24,53,0,1
BRDA:25,54,0,3
BRDA:33,55,0,3
BRDA:57,56,0,3
BRDA:57,57,0,8
BRDA:34,58,0,3
BRDA:57,59,0,3
BRDA:36,60,0,1
BRDA:38,61,0,2
BRDA:57,62,0,2
BRDA:42,63,0,1
BRF:64
BRH:44
end_of_record
TN:
SF:src/modules/users/services/CreateUserService.ts
FN:51,__decorate
FN:51,__metadata
FN:51,__param
FN:51,__awaiter
FN:51,adopt
FN:51,fulfilled
FN:51,rejected
FN:51,step
FN:51,__generator
FN:51,sent
FN:51,g.<computed>
FN:51,verb
FN:51,step
FN:51,__importDefault
FN:19,CreateUserService
FN:30,CreateUserService.execute
FNF:16
FNH:14
FNDA:1,__decorate
FNDA:1,__metadata
FNDA:3,__param
FNDA:3,__awaiter
FNDA:7,adopt
FNDA:7,fulfilled
FNDA:0,rejected
FNDA:9,step
FNDA:3,__generator
FNDA:7,sent
FNDA:0,g.<computed>
FNDA:9,verb
FNDA:10,step
FNDA:1,__importDefault
FNDA:2,CreateUserService
FNDA:3,CreateUserService.execute
DA:1,1
DA:2,1
DA:3,1
DA:4,1
DA:5,1
DA:6,1
DA:7,1
DA:8,1
DA:9,1
DA:10,1
DA:11,1
DA:12,1
DA:13,1
DA:14,1
DA:15,1
DA:16,1
DA:17,1
DA:18,1
DA:19,1
DA:20,2
DA:21,2
DA:22,2
DA:23,2
DA:24,2
DA:25,2
DA:26,2
DA:27,2
DA:28,2
DA:29,1
DA:30,1
DA:31,3
DA:32,3
DA:33,3
DA:34,1
DA:35,1
DA:36,2
DA:37,2
DA:38,3
DA:39,3
DA:40,3
DA:41,3
DA:42,3
DA:43,3
DA:44,3
DA:45,3
DA:46,3
DA:47,3
DA:48,3
DA:49,1
DA:50,1
DA:51,1
LF:51
LH:51
BRDA:51,0,0,1
BRDA:51,1,0,1
BRDA:51,2,0,0
BRDA:51,3,0,0
BRDA:51,4,0,0
BRDA:51,5,0,0
BRDA:51,6,0,1
BRDA:51,7,0,3
BRDA:51,8,0,3
BRDA:51,9,0,3
BRDA:51,10,0,7
BRDA:51,11,0,0
BRDA:51,12,0,3
BRDA:51,13,0,7
BRDA:51,14,0,6
BRDA:51,15,0,1
BRDA:51,16,0,9
BRDA:51,17,0,2
BRDA:51,18,0,7
BRDA:51,19,0,3
BRDA:51,20,0,7
BRDA:51,21,0,0
BRDA:51,22,0,9
BRDA:51,23,0,10
BRDA:51,24,0,10
BRDA:51,25,0,0
BRDA:51,26,0,20
BRDA:51,27,0,0
BRDA:51,28,0,0
BRDA:51,29,0,0
BRDA:51,30,0,0
BRDA:51,31,0,10
BRDA:51,32,0,10
BRDA:51,33,0,7
BRDA:51,34,0,0
BRDA:51,35,0,0
BRDA:51,36,0,3
BRDA:51,37,0,0
BRDA:51,38,0,2
BRDA:51,39,0,0
BRDA:51,40,0,0
BRDA:51,41,0,0
BRDA:51,42,0,0
BRDA:51,43,0,10
BRDA:51,44,0,9
BRDA:51,45,0,1
BRDA:51,46,0,10
BRDA:51,47,0,3
BRDA:51,48,0,1
BRDA:51,49,0,2
BRDA:51,50,0,0
BRDA:51,51,0,1
BRDA:51,52,0,0
BRDA:18,53,0,1
BRDA:19,54,0,2
BRDA:30,55,0,3
BRDA:51,56,0,3
BRDA:51,57,0,10
BRDA:31,58,0,3
BRDA:51,59,0,3
BRDA:33,60,0,1
BRDA:35,61,0,2
BRDA:51,62,0,2
BRDA:51,63,0,2
BRF:64
BRH:44
end_of_record
TN:
SF:src/modules/users/services/ResetPasswordService.ts
FN:56,__decorate
FN:56,__metadata
FN:56,__param
FN:56,__awaiter
FN:56,adopt
FN:56,fulfilled
FN:56,rejected
FN:56,step
FN:56,__generator
FN:56,sent
FN:56,g.<computed>
FN:56,verb
FN:56,step
FN:56,__importDefault
FN:18,ResetPasswordService
FN:29,ResetPasswordService.execute
FNF:16
FNH:14
FNDA:1,__decorate
FNDA:1,__metadata
FNDA:3,__param
FNDA:4,__awaiter
FNDA:9,adopt
FNDA:9,fulfilled
FNDA:0,rejected
FNDA:10,step
FNDA:4,__generator
FNDA:9,sent
FNDA:0,g.<computed>
FNDA:12,verb
FNDA:13,step
FNDA:1,__importDefault
FNDA:4,ResetPasswordService
FNDA:4,ResetPasswordService.execute
DA:1,1
DA:2,1
DA:3,1
DA:4,1
DA:5,1
DA:6,1
DA:7,1
DA:8,1
DA:9,1
DA:10,1
DA:11,1
DA:12,1
DA:13,1
DA:14,1
DA:15,1
DA:16,1
DA:17,1
DA:18,1
DA:19,4
DA:20,4
DA:21,4
DA:22,4
DA:23,4
DA:24,4
DA:25,4
DA:26,4
DA:27,4
DA:28,1
DA:29,1
DA:30,4
DA:31,4
DA:32,4
DA:33,1
DA:34,1
DA:35,3
DA:36,3
DA:37,4
DA:38,4
DA:39,1
DA:40,1
DA:41,2
DA:42,2
DA:43,2
DA:44,2
DA:45,2
DA:46,4
DA:47,1
DA:48,1
DA:49,1
DA:50,1
DA:51,4
DA:52,4
DA:53,4
DA:54,1
DA:55,1
DA:56,1
LF:56
LH:56
BRDA:56,0,0,1
BRDA:56,1,0,1
BRDA:56,2,0,0
BRDA:56,3,0,0
BRDA:56,4,0,0
BRDA:56,5,0,0
BRDA:56,6,0,1
BRDA:56,7,0,3
BRDA:56,8,0,3
BRDA:56,9,0,4
BRDA:56,10,0,9
BRDA:56,11,0,0
BRDA:56,12,0,4
BRDA:56,13,0,9
BRDA:56,14,0,6
BRDA:56,15,0,3
BRDA:56,16,0,10
BRDA:56,17,0,1
BRDA:56,18,0,9
BRDA:56,19,0,4
BRDA:56,20,0,9
BRDA:56,21,0,0
BRDA:56,22,0,12
BRDA:56,23,0,13
BRDA:56,24,0,13
BRDA:56,25,0,0
BRDA:56,26,0,26
BRDA:56,27,0,0
BRDA:56,28,0,0
BRDA:56,29,0,0
BRDA:56,30,0,0
BRDA:56,31,0,13
BRDA:56,32,0,13
BRDA:56,33,0,9
BRDA:56,34,0,0
BRDA:56,35,0,0
BRDA:56,36,0,4
BRDA:56,37,0,0
BRDA:56,38,0,1
BRDA:56,39,0,0
BRDA:56,40,0,0
BRDA:56,41,0,0
BRDA:56,42,0,0
BRDA:56,43,0,13
BRDA:56,44,0,10
BRDA:56,45,0,3
BRDA:56,46,0,13
BRDA:56,47,0,4
BRDA:56,48,0,3
BRDA:56,49,0,1
BRDA:56,50,0,0
BRDA:56,51,0,1
BRDA:56,52,0,0
BRDA:17,53,0,1
BRDA:18,54,0,4
BRDA:29,55,0,4
BRDA:56,56,0,4
BRDA:56,57,0,13
BRDA:30,58,0,4
BRDA:56,59,0,4
BRDA:32,60,0,1
BRDA:34,61,0,3
BRDA:56,62,0,3
BRDA:38,63,0,1
BRDA:40,64,0,2
BRDA:46,65,0,1
BRDA:56,66,0,1
BRDA:56,67,0,1
BRF:68
BRH:48
end_of_record
TN:
SF:src/modules/users/services/SendForgotPasswordEmailService.ts
FN:60,__decorate
FN:60,__metadata
FN:60,__param
FN:60,__awaiter
FN:60,adopt
FN:60,fulfilled
FN:60,rejected
FN:60,step
FN:60,__generator
FN:60,sent
FN:60,g.<computed>
FN:60,verb
FN:60,step
FN:60,__importDefault
FN:16,SendForgotPasswordEmailService
FN:27,SendForgotPasswordEmailService.execute
FNF:16
FNH:14
FNDA:1,__decorate
FNDA:1,__metadata
FNDA:3,__param
FNDA:3,__awaiter
FNDA:7,adopt
FNDA:7,fulfilled
FNDA:0,rejected
FNDA:9,step
FNDA:3,__generator
FNDA:7,sent
FNDA:0,g.<computed>
FNDA:9,verb
FNDA:10,step
FNDA:2,__importDefault
FNDA:3,SendForgotPasswordEmailService
FNDA:3,SendForgotPasswordEmailService.execute
DA:1,1
DA:2,1
DA:3,1
DA:4,1
DA:5,1
DA:6,1
DA:7,1
DA:8,1
DA:9,1
DA:10,1
DA:11,1
DA:12,1
DA:13,1
DA:14,1
DA:15,1
DA:16,1
DA:17,3
DA:18,3
DA:19,3
DA:20,3
DA:21,3
DA:22,3
DA:23,3
DA:24,3
DA:25,3
DA:26,1
DA:27,1
DA:28,3
DA:29,3
DA:30,3
DA:31,1
DA:32,1
DA:33,2
DA:34,2
DA:35,3
DA:36,3
DA:37,3
DA:38,3
DA:39,3
DA:40,3
DA:41,3
DA:42,3
DA:43,3
DA:44,3
DA:45,3
DA:46,3
DA:47,3
DA:48,3
DA:49,3
DA:50,3
DA:51,3
DA:52,3
DA:53,3
DA:54,3
DA:55,3
DA:56,3
DA:57,3
DA:58,1
DA:59,1
DA:60,1
LF:60
LH:60
BRDA:60,0,0,1
BRDA:60,1,0,1
BRDA:60,2,0,0
BRDA:60,3,0,0
BRDA:60,4,0,0
BRDA:60,5,0,0
BRDA:60,6,0,1
BRDA:60,7,0,3
BRDA:60,8,0,3
BRDA:60,9,0,3
BRDA:60,10,0,7
BRDA:60,11,0,0
BRDA:60,12,0,3
BRDA:60,13,0,7
BRDA:60,14,0,6
BRDA:60,15,0,1
BRDA:60,16,0,9
BRDA:60,17,0,2
BRDA:60,18,0,7
BRDA:60,19,0,3
BRDA:60,20,0,7
BRDA:60,21,0,0
BRDA:60,22,0,9
BRDA:60,23,0,10
BRDA:60,24,0,10
BRDA:60,25,0,0
BRDA:60,26,0,20
BRDA:60,27,0,0
BRDA:60,28,0,0
BRDA:60,29,0,0
BRDA:60,30,0,0
BRDA:60,31,0,10
BRDA:60,32,0,10
BRDA:60,33,0,7
BRDA:60,34,0,0
BRDA:60,35,0,0
BRDA:60,36,0,3
BRDA:60,37,0,0
BRDA:60,38,0,2
BRDA:60,39,0,0
BRDA:60,40,0,0
BRDA:60,41,0,0
BRDA:60,42,0,0
BRDA:60,43,0,10
BRDA:60,44,0,9
BRDA:60,45,0,1
BRDA:60,46,0,10
BRDA:60,47,0,3
BRDA:60,48,0,1
BRDA:60,49,0,2
BRDA:60,50,0,0
BRDA:60,51,0,2
BRDA:60,52,0,1
BRDA:60,53,0,1
BRDA:15,54,0,1
BRDA:16,55,0,3
BRDA:27,56,0,3
BRDA:60,57,0,3
BRDA:60,58,0,10
BRDA:28,59,0,3
BRDA:60,60,0,3
BRDA:30,61,0,1
BRDA:32,62,0,2
BRDA:60,63,0,2
BRDA:60,64,0,2
BRF:65
BRH:46
end_of_record
TN:
SF:src/modules/users/services/ShowProfileService.ts
FN:30,__decorate
FN:30,__metadata
FN:30,__param
FN:30,__awaiter
FN:30,adopt
FN:30,fulfilled
FN:30,rejected
FN:30,step
FN:30,__generator
FN:30,sent
FN:30,g.<computed>
FN:30,verb
FN:30,step
FN:30,__importDefault
FN:14,ShowProfileService
FN:19,ShowProfileService.execute
FNF:16
FNH:14
FNDA:1,__decorate
FNDA:1,__metadata
FNDA:1,__param
FNDA:2,__awaiter
FNDA:2,adopt
FNDA:2,fulfilled
FNDA:0,rejected
FNDA:3,step
FNDA:2,__generator
FNDA:2,sent
FNDA:0,g.<computed>
FNDA:6,verb
FNDA:4,step
FNDA:1,__importDefault
FNDA:2,ShowProfileService
FNDA:2,ShowProfileService.execute
DA:1,1
DA:2,1
DA:3,1
DA:4,1
DA:5,1
DA:6,1
DA:7,1
DA:8,1
DA:9,1
DA:10,1
DA:11,1
DA:12,1
DA:13,1
DA:14,1
DA:15,2
DA:16,2
DA:17,2
DA:18,1
DA:19,1
DA:20,2
DA:21,2
DA:22,2
DA:23,1
DA:24,1
DA:25,1
DA:26,1
DA:27,2
DA:28,1
DA:29,1
DA:30,1
LF:30
LH:30
BRDA:30,0,0,1
BRDA:30,1,0,1
BRDA:30,2,0,0
BRDA:30,3,0,0
BRDA:30,4,0,0
BRDA:30,5,0,0
BRDA:30,6,0,1
BRDA:30,7,0,1
BRDA:30,8,0,1
BRDA:30,9,0,2
BRDA:30,10,0,2
BRDA:30,11,0,0
BRDA:30,12,0,2
BRDA:30,13,0,2
BRDA:30,14,0,1
BRDA:30,15,0,3
BRDA:30,16,0,1
BRDA:30,17,0,2
BRDA:30,18,0,2
BRDA:30,19,0,2
BRDA:30,20,0,0
BRDA:30,21,0,6
BRDA:30,22,0,4
BRDA:30,23,0,4
BRDA:30,24,0,0
BRDA:30,25,0,8
BRDA:30,26,0,0
BRDA:30,27,0,0
BRDA:30,28,0,0
BRDA:30,29,0,0
BRDA:30,30,0,4
BRDA:30,31,0,4
BRDA:30,32,0,2
BRDA:30,33,0,0
BRDA:30,34,0,0
BRDA:30,35,0,2
BRDA:30,36,0,0
BRDA:30,37,0,1
BRDA:30,38,0,0
BRDA:30,39,0,0
BRDA:30,40,0,0
BRDA:30,41,0,0
BRDA:30,42,0,4
BRDA:30,43,0,3
BRDA:30,44,0,1
BRDA:30,45,0,4
BRDA:30,46,0,2
BRDA:30,47,0,1
BRDA:30,48,0,0
BRDA:30,49,0,1
BRDA:30,50,0,0
BRDA:13,51,0,1
BRDA:14,52,0,2
BRDA:19,53,0,2
BRDA:30,54,0,2
BRDA:30,55,0,4
BRDA:20,56,0,2
BRDA:30,57,0,2
BRDA:22,58,0,1
BRF:59
BRH:39
end_of_record
TN:
SF:src/modules/users/services/UpdateProfileService.ts
FN:70,__decorate
FN:70,__metadata
FN:70,__param
FN:70,__awaiter
FN:70,adopt
FN:70,fulfilled
FN:70,rejected
FN:70,step
FN:70,__generator
FN:70,sent
FN:70,g.<computed>
FN:70,verb
FN:70,step
FN:70,__importDefault
FN:19,UpdateProfileService
FN:27,UpdateProfileService.execute
FNF:16
FNH:14
FNDA:1,__decorate
FNDA:1,__metadata
FNDA:2,__param
FNDA:6,__awaiter
FNDA:14,adopt
FNDA:14,fulfilled
FNDA:0,rejected
FNDA:16,step
FNDA:6,__generator
FNDA:14,sent
FNDA:0,g.<computed>
FNDA:18,verb
FNDA:20,step
FNDA:1,__importDefault
FNDA:6,UpdateProfileService
FNDA:6,UpdateProfileService.execute
DA:1,1
DA:2,1
DA:3,1
DA:4,1
DA:5,1
DA:6,1
DA:7,1
DA:8,1
DA:9,1
DA:10,1
DA:11,1
DA:12,1
DA:13,1
DA:14,1
DA:15,1
DA:16,1
DA:17,1
DA:18,1
DA:19,1
DA:20,6
DA:21,6
DA:22,6
DA:23,6
DA:24,6
DA:25,6
DA:26,1
DA:27,1
DA:28,6
DA:29,6
DA:30,6
DA:31,6
DA:32,6
DA:33,6
DA:34,6
DA:35,6
DA:36,6
DA:37,1
DA:38,1
DA:39,5
DA:40,5
DA:41,6
DA:42,6
DA:43,1
DA:44,1
DA:45,4
DA:46,4
DA:47,4
DA:48,4
DA:49,6
DA:50,1
DA:51,1
DA:52,3
DA:53,6
DA:54,2
DA:55,2
DA:56,2
DA:57,2
DA:58,6
DA:59,6
DA:60,1
DA:61,1
DA:62,1
DA:63,1
DA:64,6
DA:65,6
DA:66,6
DA:67,6
DA:68,1
DA:69,1
DA:70,1
LF:70
LH:70
BRDA:70,0,0,1
BRDA:70,1,0,1
BRDA:70,2,0,0
BRDA:70,3,0,0
BRDA:70,4,0,0
BRDA:70,5,0,0
BRDA:70,6,0,1
BRDA:70,7,0,2
BRDA:70,8,0,2
BRDA:70,9,0,6
BRDA:70,10,0,14
BRDA:70,11,0,0
BRDA:70,12,0,6
BRDA:70,13,0,14
BRDA:70,14,0,10
BRDA:70,15,0,4
BRDA:70,16,0,16
BRDA:70,17,0,2
BRDA:70,18,0,14
BRDA:70,19,0,6
BRDA:70,20,0,14
BRDA:70,21,0,0
BRDA:70,22,0,18
BRDA:70,23,0,20
BRDA:70,24,0,20
BRDA:70,25,0,0
BRDA:70,26,0,41
BRDA:70,27,0,0
BRDA:70,28,0,0
BRDA:70,29,0,0
BRDA:70,30,0,0
BRDA:70,31,0,20
BRDA:70,32,0,20
BRDA:70,33,0,14
BRDA:70,34,0,0
BRDA:70,35,0,0
BRDA:70,36,0,7
BRDA:70,37,0,0
BRDA:70,38,0,3
BRDA:70,39,0,6
BRDA:70,40,0,1
BRDA:70,41,0,0
BRDA:70,42,0,1
BRDA:70,43,0,0
BRDA:70,44,0,0
BRDA:70,45,0,0
BRDA:70,46,0,21
BRDA:70,47,0,17
BRDA:70,48,0,4
BRDA:70,49,0,21
BRDA:70,50,0,6
BRDA:70,51,0,4
BRDA:70,52,0,2
BRDA:70,53,0,0
BRDA:70,54,0,1
BRDA:70,55,0,0
BRDA:18,56,0,1
BRDA:19,57,0,6
BRDA:27,58,0,6
BRDA:70,59,0,6
BRDA:70,60,0,21
BRDA:34,61,0,6
BRDA:70,62,0,6
BRDA:36,63,0,1
BRDA:38,64,0,5
BRDA:70,65,0,5
BRDA:42,66,0,1
BRDA:42,67,0,1
BRDA:44,68,0,4
BRDA:49,69,0,3
BRDA:49,70,0,1
BRDA:51,71,0,3
BRDA:53,72,0,2
BRDA:53,73,0,1
BRDA:53,74,0,2
BRDA:70,75,0,2
BRDA:59,76,0,1
BRDA:70,77,0,1
BRDA:66,78,0,2
BRF:79
BRH:59
end_of_record
TN:
SF:src/modules/users/services/UpdateUserAvatarService.ts
FN:45,__decorate
FN:45,__metadata
FN:45,__param
FN:45,__awaiter
FN:45,adopt
FN:45,fulfilled
FN:45,rejected
FN:45,step
FN:45,__generator
FN:45,sent
FN:45,g.<computed>
FN:45,verb
FN:45,step
FN:45,__importDefault
FN:16,UpdateUserAvatarService
FN:24,UpdateUserAvatarService.execute
FNF:16
FNH:14
FNDA:1,__decorate
FNDA:1,__metadata
FNDA:2,__param
FNDA:4,__awaiter
FNDA:11,adopt
FNDA:11,fulfilled
FNDA:0,rejected
FNDA:14,step
FNDA:4,__generator
FNDA:11,sent
FNDA:0,g.<computed>
FNDA:12,verb
FNDA:15,step
FNDA:1,__importDefault
FNDA:3,UpdateUserAvatarService
FNDA:4,UpdateUserAvatarService.execute
DA:1,1
DA:2,1
DA:3,1
DA:4,1
DA:5,1
DA:6,1
DA:7,1
DA:8,1
DA:9,1
DA:10,1
DA:11,1
DA:12,1
DA:13,1
DA:14,1
DA:15,1
DA:16,1
DA:17,3
DA:18,3
DA:19,3
DA:20,3
DA:21,3
DA:22,3
DA:23,1
DA:24,1
DA:25,4
DA:26,4
DA:27,4
DA:28,1
DA:29,1
DA:30,3
DA:31,3
DA:32,1
DA:33,4
DA:34,4
DA:35,4
DA:36,4
DA:37,4
DA:38,4
DA:39,4
DA:40,4
DA:41,4
DA:42,4
DA:43,1
DA:44,1
DA:45,1
LF:45
LH:45
BRDA:45,0,0,1
BRDA:45,1,0,1
BRDA:45,2,0,0
BRDA:45,3,0,0
BRDA:45,4,0,0
BRDA:45,5,0,0
BRDA:45,6,0,1
BRDA:45,7,0,2
BRDA:45,8,0,2
BRDA:45,9,0,4
BRDA:45,10,0,11
BRDA:45,11,0,0
BRDA:45,12,0,4
BRDA:45,13,0,11
BRDA:45,14,0,10
BRDA:45,15,0,1
BRDA:45,16,0,14
BRDA:45,17,0,3
BRDA:45,18,0,11
BRDA:45,19,0,4
BRDA:45,20,0,11
BRDA:45,21,0,0
BRDA:45,22,0,12
BRDA:45,23,0,15
BRDA:45,24,0,15
BRDA:45,25,0,0
BRDA:45,26,0,32
BRDA:45,27,0,0
BRDA:45,28,0,0
BRDA:45,29,0,0
BRDA:45,30,0,0
BRDA:45,31,0,15
BRDA:45,32,0,15
BRDA:45,33,0,11
BRDA:45,34,0,0
BRDA:45,35,0,0
BRDA:45,36,0,6
BRDA:45,37,0,0
BRDA:45,38,0,5
BRDA:45,39,0,4
BRDA:45,40,0,2
BRDA:45,41,0,0
BRDA:45,42,0,2
BRDA:45,43,0,0
BRDA:45,44,0,0
BRDA:45,45,0,0
BRDA:45,46,0,17
BRDA:45,47,0,16
BRDA:45,48,0,1
BRDA:45,49,0,17
BRDA:45,50,0,4
BRDA:45,51,0,1
BRDA:45,52,0,3
BRDA:45,53,0,0
BRDA:45,54,0,1
BRDA:45,55,0,0
BRDA:15,56,0,1
BRDA:16,57,0,3
BRDA:24,58,0,4
BRDA:45,59,0,4
BRDA:45,60,0,17
BRDA:25,61,0,4
BRDA:45,62,0,4
BRDA:27,63,0,1
BRDA:29,64,0,3
BRDA:31,65,0,2
BRDA:31,66,0,1
BRDA:45,67,0,1
BRDA:35,68,0,3
BRDA:45,69,0,3
BRDA:45,70,0,3
BRF:71
BRH:51
end_of_record
